Построение начато 25.11.2015 22:18:25.
     1>Проект "C:\я\машграф\ex3\RayTracer\src\RayTracer.vcxproj" в узле 2 (целевые объекты Build).
     1>ClCompile:
         C:\Program Files (x86)\Microsoft Visual Studio 11.0\VC\bin\CL.exe /c /I..\glm /Zi /nologo /W3 /WX- /O2 /Oi /Oy- /GL /D WIN32 /D NDEBUG /D _CONSOLE /D _MBCS /Gm- /EHsc /MD /GS /Gy /fp:precise /Zc:wchar_t /Zc:forScope /Fo"Release\\" /Fd"Release\vc110.pdb" /Gd /TP /analyze- /errorReport:prompt Scene.cpp
         Scene.cpp
     1>Scene.cpp(50): warning C4305: инициализация: усечение из "double" к "const float"
     1>Scene.cpp(52): warning C4244: инициализация: преобразование "float" в "int", возможна потеря данных
     1>Scene.cpp(53): warning C4244: инициализация: преобразование "float" в "int", возможна потеря данных
     1>Scene.cpp(66): warning C4244: инициализация: преобразование "double" в "int", возможна потеря данных
     1>Scene.cpp(67): warning C4244: инициализация: преобразование "double" в "int", возможна потеря данных
       Link:
         C:\Program Files (x86)\Microsoft Visual Studio 11.0\VC\bin\link.exe /ERRORREPORT:PROMPT /OUT:"C:\я\машграф\ex3\RayTracer\src\..\bin\RayTracer.exe" /INCREMENTAL:NO /NOLOGO kernel32.lib user32.lib gdi32.lib winspool.lib comdlg32.lib advapi32.lib shell32.lib ole32.lib oleaut32.lib uuid.lib odbc32.lib odbccp32.lib /MANIFEST /MANIFESTUAC:"level='asInvoker' uiAccess='false'" /manifest:embed /DEBUG /PDB:"C:\я\машграф\ex3\RayTracer\src\..\bin\RayTracer.pdb" /SUBSYSTEM:CONSOLE /OPT:REF /OPT:ICF /LTCG /TLBID:1 /DYNAMICBASE /NXCOMPAT /IMPLIB:"C:\я\машграф\ex3\RayTracer\src\..\bin\RayTracer.lib" /MACHINE:X86 /SAFESEH Release\Main.obj
         Release\Scene.obj
         Release\Tracer.obj
         Создание кода
         Создание кода завершено
         RayTracer.vcxproj -> C:\я\машграф\ex3\RayTracer\src\..\bin\RayTracer.exe
     1>Построение проекта "C:\я\машграф\ex3\RayTracer\src\RayTracer.vcxproj" завершено (целевые объекты Build).

Построение успешно завершено.

Затраченное время: 00:00:03.72
